        Placement Information by Vertex
        ===============================

Generated: Fri Jul 22 23:48:06 2022 for target machine 'virtual'

**** Vertex: 'InputLayer'
Model: SpikeSourceArrayVertex
Pop size: 1
Machine Vertices: 
  Slice 0:0 (1 atoms) on core (0, 0, 7) 

**** Vertex: '0Dense_10'
Model: AbstractPopulationVertex
Pop size: 10
Machine Vertices: 
  Slice 0:9 (10 atoms) on core (0, 0, 3) 

**** Vertex: '1Dense_10'
Model: AbstractPopulationVertex
Pop size: 10
Machine Vertices: 
  Slice 0:9 (10 atoms) on core (0, 0, 4) 

**** Vertex: '2Dense_10'
Model: AbstractPopulationVertex
Pop size: 10
Machine Vertices: 
  Slice 0:9 (10 atoms) on core (0, 0, 5) 

**** Vertex: '3Dense_1'
Model: AbstractPopulationVertex
Pop size: 1
Machine Vertices: 
  Slice 0:0 (1 atoms) on core (0, 0, 6) 

**** Vertex: 'ExtraMonitorSupport'
Model: ExtraMonitorSupport
Pop size: 1
Machine Vertices: 
  Slice 0:0 (1 atoms) on core (0, 0, 1) 

**** Vertex: 'ExtraMonitorSupport1'
Model: ExtraMonitorSupport
Pop size: 1
Machine Vertices: 
  Slice 0:0 (1 atoms) on core (0, 1, 1) 

**** Vertex: 'ExtraMonitorSupport2'
Model: ExtraMonitorSupport
Pop size: 1
Machine Vertices: 
  Slice 0:0 (1 atoms) on core (1, 0, 1) 

**** Vertex: 'ExtraMonitorSupport3'
Model: ExtraMonitorSupport
Pop size: 1
Machine Vertices: 
  Slice 0:0 (1 atoms) on core (1, 1, 1) 

**** Vertex: 'multicast speed up application vertex for 0, 0'
Model: DataSpeedUpPacketGather
Pop size: 1
Machine Vertices: 
  Slice 0:0 (1 atoms) on core (0, 0, 2) 

